# JRE version: OpenJDK Runtime Environment (8.0_76-b03) (build 1.8.0_76-release-b03)
# Java VM: OpenJDK 64-Bit Server VM (25.76-b03 mixed mode windows-amd64 compressed oops)
Heap:
 PSYoungGen      total 349696K, used 161521K [0x00000000e0000000, 0x0000000100000000, 0x0000000100000000)
  eden space 175104K, 86% used [0x00000000e0000000,0x00000000e93b87e0,0x00000000eab00000)
  from space 174592K, 5% used [0x00000000f5580000,0x00000000f5f84010,0x0000000100000000)
  to   space 174592K, 0% used [0x00000000eab00000,0x00000000eab00000,0x00000000f5580000)
 ParOldGen       total 329216K, used 64616K [0x00000000a0000000, 0x00000000b4180000, 0x00000000e0000000)
  object space 329216K, 19% used [0x00000000a0000000,0x00000000a3f1a038,0x00000000b4180000)
 Metaspace       used 84436K, capacity 93696K, committed 100144K, reserved 1136640K
  class space    used 10335K, capacity 10881K, committed 12336K, reserved 1048576K
GC Heap History (10 events):
Event: 20106.221 GC heap before
{Heap before GC invocations=300 (full 61):
 PSYoungGen      total 326144K, used 320539K [0x00000000e0000000, 0x0000000100000000, 0x0000000100000000)
  eden space 175104K, 100% used [0x00000000e0000000,0x00000000eab00000,0x00000000eab00000)
  from space 151040K, 96% used [0x00000000f6c80000,0x00000000ffa86c30,0x0000000100000000)
  to   space 174592K, 0% used [0x00000000eab00000,0x00000000eab00000,0x00000000f5580000)
 ParOldGen       total 329216K, used 157064K [0x00000000a0000000, 0x00000000b4180000, 0x00000000e0000000)
  object space 329216K, 47% used [0x00000000a0000000,0x00000000a9962250,0x00000000b4180000)
 Metaspace       used 87621K, capacity 98940K, committed 100144K, reserved 1136640K
  class space    used 10890K, capacity 11855K, committed 12336K, reserved 1048576K
Event: 20106.422 GC heap after
Heap after GC invocations=300 (full 61):
 PSYoungGen      total 349696K, used 146135K [0x00000000e0000000, 0x0000000100000000, 0x0000000100000000)
  eden space 175104K, 0% used [0x00000000e0000000,0x00000000e0000000,0x00000000eab00000)
  from space 174592K, 83% used [0x00000000eab00000,0x00000000f39b5fc8,0x00000000f5580000)
  to   space 174592K, 0% used [0x00000000f5580000,0x00000000f5580000,0x0000000100000000)
 ParOldGen       total 329216K, used 157064K [0x00000000a0000000, 0x00000000b4180000, 0x00000000e0000000)
  object space 329216K, 47% used [0x00000000a0000000,0x00000000a9962250,0x00000000b4180000)
 Metaspace       used 87621K, capacity 98940K, committed 100144K, reserved 1136640K
  class space    used 10890K, capacity 11855K, committed 12336K, reserved 1048576K
}
Event: 20106.800 GC heap before
{Heap before GC invocations=301 (full 61):
 PSYoungGen      total 349696K, used 321239K [0x00000000e0000000, 0x0000000100000000, 0x0000000100000000)
  eden space 175104K, 100% used [0x00000000e0000000,0x00000000eab00000,0x00000000eab00000)
  from space 174592K, 83% used [0x00000000eab00000,0x00000000f39b5fc8,0x00000000f5580000)
  to   space 174592K, 0% used [0x00000000f5580000,0x00000000f5580000,0x0000000100000000)
 ParOldGen       total 329216K, used 157064K [0x00000000a0000000, 0x00000000b4180000, 0x00000000e0000000)
  object space 329216K, 47% used [0x00000000a0000000,0x00000000a9962250,0x00000000b4180000)
 Metaspace       used 87621K, capacity 98940K, committed 100144K, reserved 1136640K
  class space    used 10890K, capacity 11855K, committed 12336K, reserved 1048576K
Event: 20106.982 GC heap after
Heap after GC invocations=301 (full 61):
 PSYoungGen      total 349696K, used 165145K [0x00000000e0000000, 0x0000000100000000, 0x0000000100000000)
  eden space 175104K, 0% used [0x00000000e0000000,0x00000000e0000000,0x00000000eab00000)
  from space 174592K, 94% used [0x00000000f5580000,0x00000000ff6c6610,0x0000000100000000)
  to   space 174592K, 0% used [0x00000000eab00000,0x00000000eab00000,0x00000000f5580000)
 ParOldGen       total 329216K, used 157064K [0x00000000a0000000, 0x00000000b4180000, 0x00000000e0000000)
  object space 329216K, 47% used [0x00000000a0000000,0x00000000a9962250,0x00000000b4180000)
 Metaspace       used 87621K, capacity 98940K, committed 100144K, reserved 1136640K
  class space    used 10890K, capacity 11855K, committed 12336K, reserved 1048576K
}
Event: 20107.403 GC heap before
{Heap before GC invocations=302 (full 61):
 PSYoungGen      total 349696K, used 289382K [0x00000000e0000000, 0x0000000100000000, 0x0000000100000000)
  eden space 175104K, 70% used [0x00000000e0000000,0x00000000e7953220,0x00000000eab00000)
  from space 174592K, 94% used [0x00000000f5580000,0x00000000ff6c6610,0x0000000100000000)
  to   space 174592K, 0% used [0x00000000eab00000,0x00000000eab00000,0x00000000f5580000)
 ParOldGen       total 329216K, used 157064K [0x00000000a0000000, 0x00000000b4180000, 0x00000000e0000000)
  object space 329216K, 47% used [0x00000000a0000000,0x00000000a9962250,0x00000000b4180000)
 Metaspace       used 87621K, capacity 98940K, committed 100144K, reserved 1136640K
  class space    used 10890K, capacity 11855K, committed 12336K, reserved 1048576K
Event: 20107.502 GC heap after
Heap after GC invocations=302 (full 61):
 PSYoungGen      total 349696K, used 61593K [0x00000000e0000000, 0x0000000100000000, 0x0000000100000000)
  eden space 175104K, 0% used [0x00000000e0000000,0x00000000e0000000,0x00000000eab00000)
  from space 174592K, 35% used [0x00000000eab00000,0x00000000ee726790,0x00000000f5580000)
  to   space 174592K, 0% used [0x00000000f5580000,0x00000000f5580000,0x0000000100000000)
 ParOldGen       total 329216K, used 164313K [0x00000000a0000000, 0x00000000b4180000, 0x00000000e0000000)
  object space 329216K, 49% used [0x00000000a0000000,0x00000000aa0764a8,0x00000000b4180000)
 Metaspace       used 87621K, capacity 98940K, committed 100144K, reserved 1136640K
  class space    used 10890K, capacity 11855K, committed 12336K, reserved 1048576K
}
Event: 20107.502 GC heap before
{Heap before GC invocations=303 (full 62):
 PSYoungGen      total 349696K, used 61593K [0x00000000e0000000, 0x0000000100000000, 0x0000000100000000)
  eden space 175104K, 0% used [0x00000000e0000000,0x00000000e0000000,0x00000000eab00000)
  from space 174592K, 35% used [0x00000000eab00000,0x00000000ee726790,0x00000000f5580000)
  to   space 174592K, 0% used [0x00000000f5580000,0x00000000f5580000,0x0000000100000000)
 ParOldGen       total 329216K, used 164313K [0x00000000a0000000, 0x00000000b4180000, 0x00000000e0000000)
  object space 329216K, 49% used [0x00000000a0000000,0x00000000aa0764a8,0x00000000b4180000)
 Metaspace       used 87621K, capacity 98940K, committed 100144K, reserved 1136640K
  class space    used 10890K, capacity 11855K, committed 12336K, reserved 1048576K
Event: 20108.147 GC heap after
Heap after GC invocations=303 (full 62):
 PSYoungGen      total 349696K, used 0K [0x00000000e0000000, 0x0000000100000000, 0x0000000100000000)
  eden space 175104K, 0% used [0x00000000e0000000,0x00000000e0000000,0x00000000eab00000)
  from space 174592K, 0% used [0x00000000eab00000,0x00000000eab00000,0x00000000f5580000)
  to   space 174592K, 0% used [0x00000000f5580000,0x00000000f5580000,0x0000000100000000)
 ParOldGen       total 329216K, used 64616K [0x00000000a0000000, 0x00000000b4180000, 0x00000000e0000000)
  object space 329216K, 19% used [0x00000000a0000000,0x00000000a3f1a038,0x00000000b4180000)
 Metaspace       used 83867K, capacity 92530K, committed 100144K, reserved 1136640K
  class space    used 10216K, capacity 10678K, committed 12336K, reserved 1048576K
}
Event: 20122.129 GC heap before
{Heap before GC invocations=304 (full 62):
 PSYoungGen      total 349696K, used 175104K [0x00000000e0000000, 0x0000000100000000, 0x0000000100000000)
  eden space 175104K, 100% used [0x00000000e0000000,0x00000000eab00000,0x00000000eab00000)
  from space 174592K, 0% used [0x00000000eab00000,0x00000000eab00000,0x00000000f5580000)
  to   space 174592K, 0% used [0x00000000f5580000,0x00000000f5580000,0x0000000100000000)
 ParOldGen       total 329216K, used 64616K [0x00000000a0000000, 0x00000000b4180000, 0x00000000e0000000)
  object space 329216K, 19% used [0x00000000a0000000,0x00000000a3f1a038,0x00000000b4180000)
 Metaspace       used 84062K, capacity 92896K, committed 100144K, reserved 1136640K
  class space    used 10251K, capacity 10736K, committed 12336K, reserved 1048576K
Event: 20122.146 GC heap after
Heap after GC invocations=304 (full 62):
 PSYoungGen      total 349696K, used 10256K [0x00000000e0000000, 0x0000000100000000, 0x0000000100000000)
  eden space 175104K, 0% used [0x00000000e0000000,0x00000000e0000000,0x00000000eab00000)
  from space 174592K, 5% used [0x00000000f5580000,0x00000000f5f84010,0x0000000100000000)
  to   space 174592K, 0% used [0x00000000eab00000,0x00000000eab00000,0x00000000f5580000)
 ParOldGen       total 329216K, used 64616K [0x00000000a0000000, 0x00000000b4180000, 0x00000000e0000000)
  object space 329216K, 19% used [0x00000000a0000000,0x00000000a3f1a038,0x00000000b4180000)
 Metaspace       used 84062K, capacity 92896K, committed 100144K, reserved 1136640K
  class space    used 10251K, capacity 10736K, committed 12336K, reserved 1048576K
}

