# JRE version: OpenJDK Runtime Environment (8.0_76-b03) (build 1.8.0_76-release-b03)
# Java VM: OpenJDK 64-Bit Server VM (25.76-b03 mixed mode windows-amd64 compressed oops)
Heap:
 PSYoungGen      total 359424K, used 126415K [0x00000000e0000000, 0x00000000ff400000, 0x0000000100000000)
  eden space 205824K, 20% used [0x00000000e0000000,0x00000000e28b13e8,0x00000000ec900000)
  from space 153600K, 55% used [0x00000000f5e00000,0x00000000fb0c2a98,0x00000000ff400000)
  to   space 152576K, 0% used [0x00000000ec900000,0x00000000ec900000,0x00000000f5e00000)
 ParOldGen       total 1048576K, used 946664K [0x00000000a0000000, 0x00000000e0000000, 0x00000000e0000000)
  object space 1048576K, 90% used [0x00000000a0000000,0x00000000d9c7a318,0x00000000e0000000)
 Metaspace       used 107740K, capacity 115862K, committed 120984K, reserved 1153024K
  class space    used 14383K, capacity 15306K, committed 17560K, reserved 1048576K
GC Heap History (10 events):
Event: 9292.437 GC heap before
{Heap before GC invocations=883 (full 51):
 PSYoungGen      total 377856K, used 377829K [0x00000000e0000000, 0x0000000100000000, 0x0000000100000000)
  eden space 238080K, 100% used [0x00000000e0000000,0x00000000ee880000,0x00000000ee880000)
  from space 139776K, 99% used [0x00000000ee880000,0x00000000f70f9660,0x00000000f7100000)
  to   space 146432K, 0% used [0x00000000f7100000,0x00000000f7100000,0x0000000100000000)
 ParOldGen       total 1048576K, used 902543K [0x00000000a0000000, 0x00000000e0000000, 0x00000000e0000000)
  object space 1048576K, 86% used [0x00000000a0000000,0x00000000d7163f08,0x00000000e0000000)
 Metaspace       used 107684K, capacity 115742K, committed 120984K, reserved 1153024K
  class space    used 14374K, capacity 15266K, committed 17560K, reserved 1048576K
Event: 9292.560 GC heap after
Heap after GC invocations=883 (full 51):
 PSYoungGen      total 344064K, used 96824K [0x00000000e0000000, 0x0000000100000000, 0x0000000100000000)
  eden space 197632K, 0% used [0x00000000e0000000,0x00000000e0000000,0x00000000ec100000)
  from space 146432K, 66% used [0x00000000f7100000,0x00000000fcf8e020,0x0000000100000000)
  to   space 163328K, 0% used [0x00000000ec100000,0x00000000ec100000,0x00000000f6080000)
 ParOldGen       total 1048576K, used 946648K [0x00000000a0000000, 0x00000000e0000000, 0x00000000e0000000)
  object space 1048576K, 90% used [0x00000000a0000000,0x00000000d9c76318,0x00000000e0000000)
 Metaspace       used 107684K, capacity 115742K, committed 120984K, reserved 1153024K
  class space    used 14374K, capacity 15266K, committed 17560K, reserved 1048576K
}
Event: 9293.010 GC heap before
{Heap before GC invocations=884 (full 51):
 PSYoungGen      total 344064K, used 294456K [0x00000000e0000000, 0x0000000100000000, 0x0000000100000000)
  eden space 197632K, 100% used [0x00000000e0000000,0x00000000ec100000,0x00000000ec100000)
  from space 146432K, 66% used [0x00000000f7100000,0x00000000fcf8e020,0x0000000100000000)
  to   space 163328K, 0% used [0x00000000ec100000,0x00000000ec100000,0x00000000f6080000)
 ParOldGen       total 1048576K, used 946648K [0x00000000a0000000, 0x00000000e0000000, 0x00000000e0000000)
  object space 1048576K, 90% used [0x00000000a0000000,0x00000000d9c76318,0x00000000e0000000)
 Metaspace       used 107684K, capacity 115742K, committed 120984K, reserved 1153024K
  class space    used 14374K, capacity 15266K, committed 17560K, reserved 1048576K
Event: 9293.115 GC heap after
Heap after GC invocations=884 (full 51):
 PSYoungGen      total 360960K, used 97663K [0x00000000e0000000, 0x0000000100000000, 0x0000000100000000)
  eden space 197632K, 0% used [0x00000000e0000000,0x00000000e0000000,0x00000000ec100000)
  from space 163328K, 59% used [0x00000000ec100000,0x00000000f205ff10,0x00000000f6080000)
  to   space 160768K, 0% used [0x00000000f6300000,0x00000000f6300000,0x0000000100000000)
 ParOldGen       total 1048576K, used 946648K [0x00000000a0000000, 0x00000000e0000000, 0x00000000e0000000)
  object space 1048576K, 90% used [0x00000000a0000000,0x00000000d9c76318,0x00000000e0000000)
 Metaspace       used 107684K, capacity 115742K, committed 120984K, reserved 1153024K
  class space    used 14374K, capacity 15266K, committed 17560K, reserved 1048576K
}
Event: 9293.559 GC heap before
{Heap before GC invocations=885 (full 51):
 PSYoungGen      total 360960K, used 295295K [0x00000000e0000000, 0x0000000100000000, 0x0000000100000000)
  eden space 197632K, 100% used [0x00000000e0000000,0x00000000ec100000,0x00000000ec100000)
  from space 163328K, 59% used [0x00000000ec100000,0x00000000f205ff10,0x00000000f6080000)
  to   space 160768K, 0% used [0x00000000f6300000,0x00000000f6300000,0x0000000100000000)
 ParOldGen       total 1048576K, used 946648K [0x00000000a0000000, 0x00000000e0000000, 0x00000000e0000000)
  object space 1048576K, 90% used [0x00000000a0000000,0x00000000d9c76318,0x00000000e0000000)
 Metaspace       used 107684K, capacity 115742K, committed 120984K, reserved 1153024K
  class space    used 14374K, capacity 15266K, committed 17560K, reserved 1048576K
Event: 9293.692 GC heap after
Heap after GC invocations=885 (full 51):
 PSYoungGen      total 354304K, used 115560K [0x00000000e0000000, 0x0000000100000000, 0x0000000100000000)
  eden space 193536K, 0% used [0x00000000e0000000,0x00000000e0000000,0x00000000ebd00000)
  from space 160768K, 71% used [0x00000000f6300000,0x00000000fd3da2f8,0x0000000100000000)
  to   space 165376K, 0% used [0x00000000ebd00000,0x00000000ebd00000,0x00000000f5e80000)
 ParOldGen       total 1048576K, used 946648K [0x00000000a0000000, 0x00000000e0000000, 0x00000000e0000000)
  object space 1048576K, 90% used [0x00000000a0000000,0x00000000d9c76318,0x00000000e0000000)
 Metaspace       used 107684K, capacity 115742K, committed 120984K, reserved 1153024K
  class space    used 14374K, capacity 15266K, committed 17560K, reserved 1048576K
}
Event: 9299.332 GC heap before
{Heap before GC invocations=886 (full 51):
 PSYoungGen      total 354304K, used 309096K [0x00000000e0000000, 0x0000000100000000, 0x0000000100000000)
  eden space 193536K, 100% used [0x00000000e0000000,0x00000000ebd00000,0x00000000ebd00000)
  from space 160768K, 71% used [0x00000000f6300000,0x00000000fd3da2f8,0x0000000100000000)
  to   space 165376K, 0% used [0x00000000ebd00000,0x00000000ebd00000,0x00000000f5e80000)
 ParOldGen       total 1048576K, used 946648K [0x00000000a0000000, 0x00000000e0000000, 0x00000000e0000000)
  object space 1048576K, 90% used [0x00000000a0000000,0x00000000d9c76318,0x00000000e0000000)
 Metaspace       used 107724K, capacity 115830K, committed 120984K, reserved 1153024K
  class space    used 14382K, capacity 15274K, committed 17560K, reserved 1048576K
Event: 9299.454 GC heap after
Heap after GC invocations=886 (full 51):
 PSYoungGen      total 263680K, used 69791K [0x00000000e0000000, 0x00000000ffa80000, 0x0000000100000000)
  eden space 193536K, 0% used [0x00000000e0000000,0x00000000e0000000,0x00000000ebd00000)
  from space 70144K, 99% used [0x00000000ebd00000,0x00000000f0127d28,0x00000000f0180000)
  to   space 160256K, 0% used [0x00000000f5e00000,0x00000000f5e00000,0x00000000ffa80000)
 ParOldGen       total 1048576K, used 946656K [0x00000000a0000000, 0x00000000e0000000, 0x00000000e0000000)
  object space 1048576K, 90% used [0x00000000a0000000,0x00000000d9c78318,0x00000000e0000000)
 Metaspace       used 107724K, capacity 115830K, committed 120984K, reserved 1153024K
  class space    used 14382K, capacity 15274K, committed 17560K, reserved 1048576K
}
Event: 9313.450 GC heap before
{Heap before GC invocations=887 (full 51):
 PSYoungGen      total 263680K, used 263327K [0x00000000e0000000, 0x00000000ffa80000, 0x0000000100000000)
  eden space 193536K, 100% used [0x00000000e0000000,0x00000000ebd00000,0x00000000ebd00000)
  from space 70144K, 99% used [0x00000000ebd00000,0x00000000f0127d28,0x00000000f0180000)
  to   space 160256K, 0% used [0x00000000f5e00000,0x00000000f5e00000,0x00000000ffa80000)
 ParOldGen       total 1048576K, used 946656K [0x00000000a0000000, 0x00000000e0000000, 0x00000000e0000000)
  object space 1048576K, 90% used [0x00000000a0000000,0x00000000d9c78318,0x00000000e0000000)
 Metaspace       used 107737K, capacity 115830K, committed 120984K, reserved 1153024K
  class space    used 14382K, capacity 15274K, committed 17560K, reserved 1048576K
Event: 9313.597 GC heap after
Heap after GC invocations=887 (full 51):
 PSYoungGen      total 359424K, used 84746K [0x00000000e0000000, 0x00000000ff400000, 0x0000000100000000)
  eden space 205824K, 0% used [0x00000000e0000000,0x00000000e0000000,0x00000000ec900000)
  from space 153600K, 55% used [0x00000000f5e00000,0x00000000fb0c2a98,0x00000000ff400000)
  to   space 152576K, 0% used [0x00000000ec900000,0x00000000ec900000,0x00000000f5e00000)
 ParOldGen       total 1048576K, used 946664K [0x00000000a0000000, 0x00000000e0000000, 0x00000000e0000000)
  object space 1048576K, 90% used [0x00000000a0000000,0x00000000d9c7a318,0x00000000e0000000)
 Metaspace       used 107737K, capacity 115830K, committed 120984K, reserved 1153024K
  class space    used 14382K, capacity 15274K, committed 17560K, reserved 1048576K
}

